build/app/outputs/mapping/release/seeds.txt
com.example.mobj_project.MainActivity
com.example.mobj_project.MainActivity: MainActivity()
...
com.google.android.gms.internal.measurement.zzoa: com.google.android.gms.internal.measurement.zzoa zzj
com.dexterous.flutterlocalnotifications.models.NotificationDetails: java.lang.String CHANNEL_ACTION
com.google.android.gms.internal.measurement.zzpj: com.google.android.gms.internal.measurement.zzib zzc
com.google.android.gms.internal.firebase-auth-api.zzakf: com.google.android.gms.internal.firebase-auth-api.zzakf zza
com.google.android.recaptcha.internal.zzhm: com.google.android.recaptcha.internal.zzhm zza
io.flutter.plugin.editing.ImeSyncDeferringInsetsCallback$AnimationCallback: io.flutter.plugin.editing.ImeSyncDeferringInsetsCallback this$0
com.google.android.gms.internal.auth.zzfc: com.google.android.gms.internal.auth.zzek zza
com.google.android.recaptcha.internal.zzmp: com.google.android.recaptcha.internal.zzgt zze
com.dexterous.flutterlocalnotifications.models.NotificationDetails: java.lang.String payload
com.google.android.recaptcha.internal.zzih: com.google.android.recaptcha.internal.zzim zzc
com.google.android.recaptcha.internal.zzfb: int zzg
com.phonepe.intent.sdk.api.models.SDKType: com.phonepe.intent.sdk.api.models.SDKType NATIVE
com.google.android.gms.internal.firebase-auth-api.zzam: com.google.android.gms.internal.firebase-auth-api.zzba zza
com.google.android.gms.internal.measurement.zzky: com.google.android.gms.internal.measurement.zzks zza
com.google.android.gms.internal.firebase-auth-api.zzdj: java.lang.Integer zzc
com.google.android.gms.internal.auth.zzfa: com.google.android.gms.internal.auth.zzfw zza
com.google.android.gms.internal.firebase-auth-api.zzdj: java.lang.Integer zzb
com.google.android.recaptcha.internal.zzgf: com.google.android.recaptcha.internal.zzgf zzh
com.google.android.gms.internal.firebase-auth-api.zzza: com.google.firebase.auth.MultiFactorAssertion zza
com.google.android.gms.fido.fido2.api.common.ResidentKeyRequirement: android.os.Parcelable$Creator CREATOR
com.google.android.gms.internal.firebase-auth-api.zzls: java.util.Map zza
com.google.android.gms.internal.location.zzdh: int zzi
com.google.android.gms.internal.firebase-auth-api.zzajp: int zzb
com.google.android.gms.internal.firebase-auth-api.zzade: java.lang.String zzc
androidx.collection.LruCache: int hitCount
com.google.android.gms.internal.firebase-auth-api.zzxe: com.google.android.gms.internal.firebase-auth-api.zzadl zzb
com.google.android.gms.internal.measurement.zzob: com.google.android.gms.internal.measurement.zzob zzb
com.google.android.gms.internal.firebase-auth-api.zzuo: com.google.android.gms.internal.firebase-auth-api.zzuo zzb
androidx.window.layout.FoldingFeature$OcclusionType: androidx.window.layout.FoldingFeature$OcclusionType NONE
com.google.android.gms.internal.auth.zzbv: java.lang.String zzb
com.google.android.gms.internal.firebase-auth-api.zzaeg: com.google.android.gms.internal.firebase-auth-api.zzaes zzh
com.google.android.gms.internal.firebase-auth-api.zzadl: java.lang.String zzd
com.google.android.gms.internal.firebase-auth-api.zzk: java.nio.charset.Charset zzc
com.google.android.gms.internal.firebase-auth-api.zzks: com.google.android.gms.internal.firebase-auth-api.zzon zza
com.google.android.gms.internal.firebase-auth-api.zzan: java.lang.Object zzc
com.google.android.gms.internal.firebase-auth-api.zzaem: java.lang.String zzg
com.google.android.gms.internal.auth.zzez: java.nio.charset.Charset zzb
com.google.android.gms.internal.firebase-auth-api.zzuw: java.lang.ThreadLocal zza
com.google.android.recaptcha.internal.zzkm: int zzi
com.google.android.gms.internal.auth.zzek: int zzb
com.google.android.gms.measurement.AppMeasurement$ConditionalUserProperty: java.lang.String mName
com.google.android.gms.internal.auth-api-phone.zzk: com.google.android.gms.internal.auth-api-phone.zzr zza
com.google.android.gms.internal.measurement.zzju: int zzc
androidx.concurrent.futures.AbstractResolvableFuture$Waiter: androidx.concurrent.futures.AbstractResolvableFuture$Waiter next