build/app/outputs/mapping/release/mapping.txt
# compiler: R8
# compiler_version: 3.3.70
# min_api: 21
# common_typos_disable
# {"id":"com.android.tools.r8.mapping","version":"2.0"}
# pg_map_id: d4311fa
# pg_map_hash: SHA-256 d4311fa0e168949220c3bc88f6707e40c1cd506c9edcc37a693c9b13a78f99b3
...
io.flutter.plugins.firebase.auth.GeneratedAndroidFirebaseAuth$MultiFactorUserHostApi$$ExternalSyntheticLambda1 -> r5.x2:
# {"id":"sourceFile","fileName":"R8$$SyntheticClass"}
# {"id":"com.android.tools.r8.synthesized"}
    io.flutter.plugins.firebase.auth.GeneratedAndroidFirebaseAuth$MultiFactorUserHostApi io.flutter.plugins.firebase.auth.GeneratedAndroidFirebaseAuth$MultiFactorUserHostApi$$InternalSyntheticLambda$2$50bb21d06bda0d8d32722a32c046b4c6537f161de9f852e56f8de78bc13e0f66$1.f$0 -> a
    void io.flutter.plugins.firebase.auth.GeneratedAndroidFirebaseAuth$MultiFactorUserHostApi$$InternalSyntheticLambda$2$50bb21d06bda0d8d32722a32c046b4c6537f161de9f852e56f8de78bc13e0f66$1.<init>(io.flutter.plugins.firebase.auth.GeneratedAndroidFirebaseAuth$MultiFactorUserHostApi) -> <init>
      # {"id":"com.android.tools.r8.synthesized"}
    void io.flutter.plugins.firebase.auth.GeneratedAndroidFirebaseAuth$MultiFactorUserHostApi$$InternalSyntheticLambda$2$50bb21d06bda0d8d32722a32c046b4c6537f161de9f852e56f8de78bc13e0f66$1.onMessage(java.lang.Object,io.flutter.plugin.common.BasicMessageChannel$Reply) -> a
      # {"id":"com.android.tools.r8.synthesized"}
io.flutter.plugins.firebase.auth.GeneratedAndroidFirebaseAuth$MultiFactorUserHostApi$$ExternalSyntheticLambda2 -> r5.y2:
# {"id":"sourceFile","fileName":"R8$$SyntheticClass"}
# {"id":"com.android.tools.r8.synthesized"}
    io.flutter.plugins.firebase.auth.GeneratedAndroidFirebaseAuth$MultiFactorUserHostApi io.flutter.plugins.firebase.auth.GeneratedAndroidFirebaseAuth$MultiFactorUserHostApi$$InternalSyntheticLambda$2$50bb21d06bda0d8d32722a32c046b4c6537f161de9f852e56f8de78bc13e0f66$2.f$0 -> a
    void io.flutter.plugins.firebase.auth.GeneratedAndroidFirebaseAuth$MultiFactorUserHostApi$$InternalSyntheticLambda$2$50bb21d06bda0d8d32722a32c046b4c6537f161de9f852e56f8de78bc13e0f66$2.<init>(io.flutter.plugins.firebase.auth.GeneratedAndroidFirebaseAuth$MultiFactorUserHostApi) -> <init>
      # {"id":"com.android.tools.r8.synthesized"}
    void io.flutter.plugins.firebase.auth.GeneratedAndroidFirebaseAuth$MultiFactorUserHostApi$$InternalSyntheticLambda$2$50bb21d06bda0d8d32722a32c046b4c6537f161de9f852e56f8de78bc13e0f66$2.onMessage(java.lang.Object,io.flutter.plugin.common.BasicMessageChannel$Reply) -> a
      # {"id":"com.android.tools.r8.synthesized"}
io.flutter.plugins.firebase.auth.GeneratedAndroidFirebaseAuth$MultiFactorUserHostApi$$ExternalSyntheticLambda3 -> r5.z2:
# {"id":"sourceFile","fileName":"R8$$SyntheticClass"}
# {"id":"com.android.tools.r8.synthesized"}
    io.flutter.plugins.firebase.auth.GeneratedAndroidFirebaseAuth$MultiFactorUserHostApi io.flutter.plugins.firebase.auth.GeneratedAndroidFirebaseAuth$MultiFactorUserHostApi$$InternalSyntheticLambda$2$50bb21d06bda0d8d32722a32c046b4c6537f161de9f852e56f8de78bc13e0f66$3.f$0 -> a
    void io.flutter.plugins.firebase.auth.GeneratedAndroidFirebaseAuth$MultiFactorUserHostApi$$InternalSyntheticLambda$2$50bb21d06bda0d8d32722a32c046b4c6537f161de9f852e56f8de78bc13e0f66$3.<init>(io.flutter.plugins.firebase.auth.GeneratedAndroidFirebaseAuth$MultiFactorUserHostApi) -> <init>
      # {"id":"com.android.tools.r8.synthesized"}
    void io.flutter.plugins.firebase.auth.GeneratedAndroidFirebaseAuth$MultiFactorUserHostApi$$InternalSyntheticLambda$2$50bb21d06bda0d8d32722a32c046b4c6537f161de9f852e56f8de78bc13e0f66$3.onMessage(java.lang.Object,io.flutter.plugin.common.BasicMessageChannel$Reply) -> a
      # {"id":"com.android.tools.r8.synthesized"}