build/app/outputs/mapping/release/usage.txt
com.example.mobj_project.BuildConfig
com.example.mobj_project.R$anim
com.example.mobj_project.R$animator
com.example.mobj_project.R$attr
com.example.mobj_project.R$bool
com.example.mobj_project.R$color
com.example.mobj_project.R$dimen
com.example.mobj_project.R$drawable
com.example.mobj_project.R$id
com.example.mobj_project.R$integer
com.example.mobj_project.R$interpolator
com.example.mobj_project.R$layout
com.example.mobj_project.R$menu
com.example.mobj_project.R$mipmap
com.example.mobj_project.R$raw
com.example.mobj_project.R$string
com.example.mobj_project.R$style
com.example.mobj_project.R$styleable
com.example.mobj_project.R$xml
com.example.mobj_project.R
...
androidx.core.net.ConnectivityManagerCompat$Api24Impl
androidx.core.net.ConnectivityManagerCompat$RestrictBackgroundStatus
androidx.core.net.ConnectivityManagerCompat
androidx.core.net.DatagramSocketWrapper$DatagramSocketImplWrapper
androidx.core.net.DatagramSocketWrapper
androidx.core.net.MailTo
androidx.core.net.ParseException
androidx.core.net.TrafficStatsCompat$Api24Impl
androidx.core.net.TrafficStatsCompat
androidx.core.net.UriCompat
androidx.core.net.UriKt
androidx.core.os.BuildCompat$Extensions30Impl:
    private void <init>()
androidx.core.os.BuildCompat$PrereleaseSdkCheck
androidx.core.os.BuildCompat:
    private void <init>()
    public static boolean isAtLeastN()
    public static boolean isAtLeastNMR1()
    public static boolean isAtLeastO()
    public static boolean isAtLeastOMR1()
    public static boolean isAtLeastP()
    public static boolean isAtLeastQ()
    public static boolean isAtLeastS()
    public static boolean isAtLeastSv2()
    public static boolean isAtLeastU()
androidx.core.os.BundleCompat$Api33Impl
androidx.core.os.BundleCompat
androidx.core.os.BundleKt:
    public static final android.os.Bundle bundleOf()
androidx.core.os.CancellationSignal$Api16Impl:
    private void <init>()
androidx.core.os.CancellationSignal:
    public java.lang.Object getCancellationSignalObject()
    public void throwIfCanceled()
androidx.core.os.ConfigurationCompat$Api24Impl:
    private void <init>()
androidx.core.os.ConfigurationCompat:
    private void <init>()
androidx.core.os.ContinuationOutcomeReceiver
androidx.core.os.EnvironmentCompat$Api19Impl
androidx.core.os.EnvironmentCompat$Api21Impl
androidx.core.os.EnvironmentCompat
androidx.core.os.ExecutorCompat:
    private void <init>()
androidx.core.os.HandlerCompat$Api28Impl
androidx.core.os.HandlerCompat$Api29Impl
androidx.core.os.HandlerCompat
androidx.core.os.HandlerKt$postAtTime$runnable$1
androidx.core.os.HandlerKt$postDelayed$runnable$1
androidx.core.os.HandlerKt
androidx.core.os.LocaleListCompat$Api21Impl
androidx.core.os.LocaleListCompat$Api24Impl:
    private void <init>()
androidx.core.os.LocaleListCompat:
    public static androidx.core.os.LocaleListCompat forLanguageTags(java.lang.String)
    public static androidx.core.os.LocaleListCompat getAdjustedDefault()
    public static androidx.core.os.LocaleListCompat getDefault()
    public static androidx.core.os.LocaleListCompat getEmptyLocaleList()
    public java.util.Locale getFirstMatch(java.lang.String[])
    public int indexOf(java.util.Locale)
    public boolean isEmpty()
    public static boolean matchesLanguageAndScript(java.util.Locale,java.util.Locale)
    public int size()
    public java.lang.String toLanguageTags()
    public java.lang.Object unwrap()
    public static androidx.core.os.LocaleListCompat wrap(java.lang.Object)
androidx.core.os.LocaleListCompatWrapper$Api21Impl
androidx.core.os.LocaleListCompatWrapper:
    private java.util.Locale computeFirstMatch(java.util.Collection,boolean)
    private int computeFirstMatchIndex(java.util.Collection,boolean)
    private int findFirstMatchIndex(java.util.Locale)
    public java.util.Locale getFirstMatch(java.lang.String[])
    private static java.lang.String getLikelyScript(java.util.Locale)
    public int indexOf(java.util.Locale)
    public boolean isEmpty()
    private static boolean isPseudoLocale(java.util.Locale)
    private static int matchScore(java.util.Locale,java.util.Locale)
    public int size()
    public java.lang.String toLanguageTags()
androidx.core.os.LocaleListInterface:
    public abstract java.util.Locale getFirstMatch(java.lang.String[])
    public abstract int indexOf(java.util.Locale)
    public abstract boolean isEmpty()
    public abstract int size()
    public abstract java.lang.String toLanguageTags()